[24-Feb-2022 14:39:47] NOTICE: fpm is running, pid 10492
[24-Feb-2022 14:39:47] NOTICE: ready to handle connections
[24-Feb-2022 17:19:51] NOTICE: Terminating ...
[24-Feb-2022 17:19:51] NOTICE: Terminating ...
[24-Feb-2022 17:19:51] NOTICE: exiting, bye-bye!
[25-Feb-2022 09:16:52] NOTICE: fpm is running, pid 2333
[25-Feb-2022 09:16:52] NOTICE: ready to handle connections
[25-Feb-2022 17:26:07] NOTICE: Terminating ...
[25-Feb-2022 17:26:07] NOTICE: Terminating ...
[25-Feb-2022 17:26:07] NOTICE: exiting, bye-bye!
[28-Feb-2022 10:13:19] NOTICE: fpm is running, pid 9717
[28-Feb-2022 10:13:19] NOTICE: ready to handle connections
[28-Feb-2022 17:22:53] NOTICE: Terminating ...
[28-Feb-2022 17:22:53] NOTICE: Terminating ...
[28-Feb-2022 17:22:53] NOTICE: exiting, bye-bye!
[01-Mar-2022 09:30:51] NOTICE: fpm is running, pid 1983
[01-Mar-2022 09:30:51] NOTICE: ready to handle connections
[01-Mar-2022 17:30:44] NOTICE: Terminating ...
[01-Mar-2022 17:30:44] NOTICE: Terminating ...
[01-Mar-2022 17:30:44] NOTICE: exiting, bye-bye!
[02-Mar-2022 09:07:29] NOTICE: fpm is running, pid 1245
[02-Mar-2022 09:07:29] NOTICE: ready to handle connections
[02-Mar-2022 14:27:34] NOTICE: Terminating ...
[02-Mar-2022 14:27:34] NOTICE: Terminating ...
[02-Mar-2022 14:27:34] NOTICE: exiting, bye-bye!
[02-Mar-2022 15:42:30] NOTICE: fpm is running, pid 14802
[02-Mar-2022 15:42:30] NOTICE: ready to handle connections
[02-Mar-2022 17:30:06] NOTICE: Terminating ...
[02-Mar-2022 17:30:06] NOTICE: Terminating ...
[02-Mar-2022 17:30:06] NOTICE: exiting, bye-bye!
[03-Mar-2022 09:17:12] NOTICE: fpm is running, pid 2555
[03-Mar-2022 09:17:12] NOTICE: ready to handle connections
[03-Mar-2022 19:01:55] NOTICE: Terminating ...
[03-Mar-2022 19:01:55] NOTICE: Terminating ...
[03-Mar-2022 19:01:55] NOTICE: exiting, bye-bye!
[04-Mar-2022 09:32:13] NOTICE: fpm is running, pid 2453
[04-Mar-2022 09:32:13] NOTICE: ready to handle connections
[04-Mar-2022 17:01:06] NOTICE: Terminating ...
[04-Mar-2022 17:01:06] NOTICE: Terminating ...
[04-Mar-2022 17:01:06] NOTICE: exiting, bye-bye!
[07-Mar-2022 10:20:26] NOTICE: fpm is running, pid 8480
[07-Mar-2022 10:20:26] NOTICE: ready to handle connections
[07-Mar-2022 17:21:44] NOTICE: Terminating ...
[07-Mar-2022 17:21:44] NOTICE: Terminating ...
[07-Mar-2022 17:21:44] NOTICE: exiting, bye-bye!
[08-Mar-2022 10:18:27] NOTICE: fpm is running, pid 3752
[08-Mar-2022 10:18:27] NOTICE: ready to handle connections
[08-Mar-2022 10:18:27] NOTICE: Terminating ...
[08-Mar-2022 10:18:27] NOTICE: Terminating ...
[08-Mar-2022 10:18:27] NOTICE: exiting, bye-bye!
[08-Mar-2022 10:18:28] NOTICE: fpm is running, pid 3787
[08-Mar-2022 10:18:28] NOTICE: ready to handle connections
[08-Mar-2022 16:06:43] NOTICE: Terminating ...
[08-Mar-2022 16:06:43] NOTICE: Terminating ...
[08-Mar-2022 16:06:43] NOTICE: exiting, bye-bye!
[08-Mar-2022 16:06:48] NOTICE: fpm is running, pid 13808
[08-Mar-2022 16:06:48] NOTICE: ready to handle connections
[08-Mar-2022 17:31:39] NOTICE: Terminating ...
[08-Mar-2022 17:31:39] NOTICE: Terminating ...
[08-Mar-2022 17:31:39] NOTICE: exiting, bye-bye!
[09-Mar-2022 09:06:53] NOTICE: fpm is running, pid 1390
[09-Mar-2022 09:06:53] NOTICE: ready to handle connections
[09-Mar-2022 17:15:04] NOTICE: Terminating ...
[09-Mar-2022 17:15:04] NOTICE: Terminating ...
[09-Mar-2022 17:15:04] NOTICE: exiting, bye-bye!
[11-Mar-2022 10:43:15] NOTICE: fpm is running, pid 15721
[11-Mar-2022 10:43:15] NOTICE: ready to handle connections
[14-Mar-2022 13:26:14] NOTICE: Terminating ...
[14-Mar-2022 13:26:14] NOTICE: Terminating ...
[14-Mar-2022 13:26:14] NOTICE: exiting, bye-bye!
[14-Mar-2022 13:26:17] NOTICE: fpm is running, pid 42045
[14-Mar-2022 13:26:17] NOTICE: ready to handle connections
[14-Mar-2022 17:18:56] NOTICE: Terminating ...
[14-Mar-2022 17:18:56] NOTICE: Terminating ...
[14-Mar-2022 17:18:56] NOTICE: exiting, bye-bye!
[15-Mar-2022 09:47:34] NOTICE: fpm is running, pid 3002
[15-Mar-2022 09:47:34] NOTICE: ready to handle connections
[15-Mar-2022 17:02:05] NOTICE: Terminating ...
[15-Mar-2022 17:02:05] NOTICE: Terminating ...
[15-Mar-2022 17:02:05] NOTICE: exiting, bye-bye!
[16-Mar-2022 09:32:15] NOTICE: fpm is running, pid 53059
[16-Mar-2022 09:32:15] NOTICE: ready to handle connections
[16-Mar-2022 17:29:11] NOTICE: Terminating ...
[16-Mar-2022 17:29:11] NOTICE: Terminating ...
[16-Mar-2022 17:29:11] NOTICE: exiting, bye-bye!
[08-Apr-2022 09:36:10] NOTICE: fpm is running, pid 16871
[08-Apr-2022 09:36:10] NOTICE: ready to handle connections
[11-Apr-2022 14:22:13] NOTICE: Terminating ...
[11-Apr-2022 14:22:13] NOTICE: Terminating ...
[11-Apr-2022 14:22:13] NOTICE: exiting, bye-bye!
[13-Apr-2022 10:00:51] NOTICE: fpm is running, pid 33702
[13-Apr-2022 10:00:51] NOTICE: ready to handle connections
[13-Apr-2022 17:04:34] NOTICE: Terminating ...
[13-Apr-2022 17:04:34] NOTICE: Terminating ...
[13-Apr-2022 17:04:34] NOTICE: exiting, bye-bye!
[14-Apr-2022 09:53:29] NOTICE: fpm is running, pid 9099
[14-Apr-2022 09:53:29] NOTICE: ready to handle connections
[15-Apr-2022 09:04:46] NOTICE: Terminating ...
[15-Apr-2022 09:04:46] NOTICE: Terminating ...
[15-Apr-2022 09:04:46] NOTICE: exiting, bye-bye!
[18-Apr-2022 09:04:57] NOTICE: fpm is running, pid 20361
[18-Apr-2022 09:04:57] NOTICE: ready to handle connections
[18-Apr-2022 17:15:21] NOTICE: Terminating ...
[18-Apr-2022 17:15:21] NOTICE: Terminating ...
[18-Apr-2022 17:15:21] NOTICE: exiting, bye-bye!
[19-Apr-2022 09:52:52] NOTICE: fpm is running, pid 2721
[19-Apr-2022 09:52:52] NOTICE: ready to handle connections
